<?xml version="1.0" encoding="UTF-8"?>
<coverage generated="1602041239280" clover="3.2.0">
  <project timestamp="1602041239280" name="All files">
    <metrics statements="15" coveredstatements="8" conditionals="2" coveredconditionals="1" methods="3" coveredmethods="1" elements="20" coveredelements="10" complexity="0" loc="15" ncloc="15" packages="1" files="1" classes="1"/>
    <file name="ulti.js" path="C:\STORE\nvtngan\project\github\mazegame\src\js\ulti.js">
      <metrics statements="15" coveredstatements="8" conditionals="2" coveredconditionals="1" methods="3" coveredmethods="1"/>
      <line num="1" count="1" type="stmt"/>
      <line num="2" count="0" type="stmt"/>
      <line num="5" count="1" type="stmt"/>
      <line num="6" count="0" type="stmt"/>
      <line num="7" count="0" type="stmt"/>
      <line num="8" count="0" type="stmt"/>
      <line num="10" count="0" type="stmt"/>
      <line num="13" count="1" type="stmt"/>
      <line num="14" count="1" type="stmt"/>
      <line num="15" count="1" type="cond" truecount="1" falsecount="1"/>
      <line num="16" count="1" type="stmt"/>
      <line num="17" count="1" type="stmt"/>
      <line num="19" count="0" type="stmt"/>
      <line num="20" count="0" type="stmt"/>
      <line num="22" count="1" type="stmt"/>
    </file>
  </project>
</coverage>
