{"C:\\STORE\\nvtngan\\project\\github\\mazegame\\src\\js\\ulti.js": {"path":"C:\\STORE\\nvtngan\\project\\github\\mazegame\\src\\js\\ulti.js","statementMap":{"0":{"start":{"line":1,"column":0},"end":{"line":3,"column":1}},"1":{"start":{"line":2,"column":4},"end":{"line":2,"column":43}},"2":{"start":{"line":5,"column":0},"end":{"line":11,"column":1}},"3":{"start":{"line":6,"column":4},"end":{"line":9,"column":5}},"4":{"start":{"line":6,"column":17},"end":{"line":6,"column":29}},"5":{"start":{"line":7,"column":18},"end":{"line":7,"column":53}},"6":{"start":{"line":8,"column":8},"end":{"line":8,"column":36}},"7":{"start":{"line":10,"column":4},"end":{"line":10,"column":13}},"8":{"start":{"line":13,"column":0},"end":{"line":23,"column":1}},"9":{"start":{"line":14,"column":14},"end":{"line":14,"column":17}},"10":{"start":{"line":14,"column":26},"end":{"line":14,"column":29}},"11":{"start":{"line":15,"column":4},"end":{"line":21,"column":5}},"12":{"start":{"line":16,"column":8},"end":{"line":16,"column":46}},"13":{"start":{"line":17,"column":8},"end":{"line":17,"column":47}},"14":{"start":{"line":19,"column":8},"end":{"line":19,"column":44}},"15":{"start":{"line":20,"column":8},"end":{"line":20,"column":45}},"16":{"start":{"line":22,"column":4},"end":{"line":22,"column":26}}},"fnMap":{"0":{"name":"(anonymous_0)","decl":{"start":{"line":1,"column":15},"end":{"line":1,"column":16}},"loc":{"start":{"line":1,"column":29},"end":{"line":3,"column":1}},"line":1},"1":{"name":"(anonymous_1)","decl":{"start":{"line":5,"column":18},"end":{"line":5,"column":19}},"loc":{"start":{"line":5,"column":30},"end":{"line":11,"column":1}},"line":5},"2":{"name":"(anonymous_2)","decl":{"start":{"line":13,"column":24},"end":{"line":13,"column":25}},"loc":{"start":{"line":13,"column":57},"end":{"line":23,"column":1}},"line":13}},"branchMap":{"0":{"loc":{"start":{"line":15,"column":4},"end":{"line":21,"column":5}},"type":"if","locations":[{"start":{"line":15,"column":4},"end":{"line":21,"column":5}},{"start":{"line":15,"column":4},"end":{"line":21,"column":5}}],"line":15}},"s":{"0":1,"1":0,"2":1,"3":0,"4":0,"5":0,"6":0,"7":0,"8":1,"9":1,"10":1,"11":1,"12":1,"13":1,"14":0,"15":0,"16":1},"f":{"0":0,"1":0,"2":1},"b":{"0":[1,0]},"_coverageSchema":"1a1c01bbd47fc00a2c39e90264f33305004495a9","hash":"7d3f6cb68fad5f77fb6f81c0bf2dda75eb6ce6b8"}
}
